{"/home/emil/kurser/tdp013/tdp013_projekt/test/test.js":{"path":"/home/emil/kurser/tdp013/tdp013_projekt/test/test.js","s":{"1":1,"2":1,"3":1,"4":1,"5":1,"6":1,"7":1,"8":1,"9":1,"10":1,"11":1,"12":1,"13":1,"14":1,"15":1,"16":1,"17":1,"18":1,"19":1,"20":1,"21":1,"22":1,"23":1,"24":1,"25":1,"26":1,"27":1,"28":1,"29":1,"30":1,"31":1,"32":1,"33":1,"34":1,"35":1,"36":1,"37":1,"38":1,"39":1,"40":1,"41":1,"42":1,"43":1,"44":1,"45":1,"46":1,"47":1,"48":1,"49":1,"50":1,"51":1,"52":1,"53":1,"54":1,"55":1,"56":1,"57":1,"58":1,"59":1,"60":1,"61":1,"62":1,"63":1,"64":1,"65":1,"66":1,"67":1,"68":1,"69":1,"70":1,"71":1,"72":1,"73":1,"74":1,"75":1,"76":1,"77":1,"78":1,"79":1,"80":1,"81":1,"82":1,"83":1,"84":1,"85":1,"86":1,"87":1,"88":1,"89":1,"90":1,"91":0,"92":0,"93":1,"94":1,"95":1,"96":1,"97":1,"98":1,"99":1,"100":1,"101":1,"102":1,"103":1,"104":1,"105":1,"106":1,"107":1,"108":1,"109":1},"b":{},"f":{"1":1,"2":1,"3":1,"4":1,"5":1,"6":1,"7":1,"8":1,"9":1,"10":1,"11":1,"12":1,"13":1,"14":1,"15":1,"16":1,"17":1,"18":1,"19":1,"20":1,"21":1,"22":1,"23":1,"24":1,"25":1,"26":1,"27":1,"28":1,"29":1,"30":1,"31":1,"32":1,"33":1,"34":1,"35":1,"36":1,"37":1,"38":0,"39":1,"40":1,"41":1,"42":1,"43":1,"44":1,"45":1},"fnMap":{"1":{"name":"(anonymous_1)","line":13,"loc":{"start":{"line":13,"column":20},"end":{"line":13,"column":31}}},"2":{"name":"(anonymous_2)","line":14,"loc":{"start":{"line":14,"column":33},"end":{"line":14,"column":44}}},"3":{"name":"(anonymous_3)","line":32,"loc":{"start":{"line":32,"column":53},"end":{"line":32,"column":68}}},"4":{"name":"(anonymous_4)","line":35,"loc":{"start":{"line":35,"column":7},"end":{"line":35,"column":26}}},"5":{"name":"(anonymous_5)","line":42,"loc":{"start":{"line":42,"column":51},"end":{"line":42,"column":66}}},"6":{"name":"(anonymous_6)","line":46,"loc":{"start":{"line":46,"column":7},"end":{"line":46,"column":26}}},"7":{"name":"(anonymous_7)","line":55,"loc":{"start":{"line":55,"column":51},"end":{"line":55,"column":66}}},"8":{"name":"(anonymous_8)","line":58,"loc":{"start":{"line":58,"column":7},"end":{"line":58,"column":26}}},"9":{"name":"(anonymous_9)","line":67,"loc":{"start":{"line":67,"column":51},"end":{"line":67,"column":66}}},"10":{"name":"(anonymous_10)","line":71,"loc":{"start":{"line":71,"column":7},"end":{"line":71,"column":26}}},"11":{"name":"(anonymous_11)","line":80,"loc":{"start":{"line":80,"column":51},"end":{"line":80,"column":66}}},"12":{"name":"(anonymous_12)","line":83,"loc":{"start":{"line":83,"column":7},"end":{"line":83,"column":26}}},"13":{"name":"(anonymous_13)","line":92,"loc":{"start":{"line":92,"column":53},"end":{"line":92,"column":68}}},"14":{"name":"(anonymous_14)","line":95,"loc":{"start":{"line":95,"column":7},"end":{"line":95,"column":26}}},"15":{"name":"(anonymous_15)","line":102,"loc":{"start":{"line":102,"column":53},"end":{"line":102,"column":68}}},"16":{"name":"(anonymous_16)","line":105,"loc":{"start":{"line":105,"column":7},"end":{"line":105,"column":26}}},"17":{"name":"(anonymous_17)","line":114,"loc":{"start":{"line":114,"column":51},"end":{"line":114,"column":66}}},"18":{"name":"(anonymous_18)","line":118,"loc":{"start":{"line":118,"column":7},"end":{"line":118,"column":26}}},"19":{"name":"(anonymous_19)","line":127,"loc":{"start":{"line":127,"column":46},"end":{"line":127,"column":61}}},"20":{"name":"(anonymous_20)","line":130,"loc":{"start":{"line":130,"column":7},"end":{"line":130,"column":26}}},"21":{"name":"(anonymous_21)","line":137,"loc":{"start":{"line":137,"column":46},"end":{"line":137,"column":61}}},"22":{"name":"(anonymous_22)","line":140,"loc":{"start":{"line":140,"column":7},"end":{"line":140,"column":26}}},"23":{"name":"(anonymous_23)","line":147,"loc":{"start":{"line":147,"column":46},"end":{"line":147,"column":61}}},"24":{"name":"(anonymous_24)","line":150,"loc":{"start":{"line":150,"column":7},"end":{"line":150,"column":26}}},"25":{"name":"(anonymous_25)","line":157,"loc":{"start":{"line":157,"column":46},"end":{"line":157,"column":61}}},"26":{"name":"(anonymous_26)","line":160,"loc":{"start":{"line":160,"column":7},"end":{"line":160,"column":26}}},"27":{"name":"(anonymous_27)","line":167,"loc":{"start":{"line":167,"column":53},"end":{"line":167,"column":68}}},"28":{"name":"(anonymous_28)","line":170,"loc":{"start":{"line":170,"column":7},"end":{"line":170,"column":26}}},"29":{"name":"(anonymous_29)","line":177,"loc":{"start":{"line":177,"column":46},"end":{"line":177,"column":61}}},"30":{"name":"(anonymous_30)","line":180,"loc":{"start":{"line":180,"column":7},"end":{"line":180,"column":26}}},"31":{"name":"(anonymous_31)","line":187,"loc":{"start":{"line":187,"column":46},"end":{"line":187,"column":61}}},"32":{"name":"(anonymous_32)","line":190,"loc":{"start":{"line":190,"column":7},"end":{"line":190,"column":26}}},"33":{"name":"(anonymous_33)","line":197,"loc":{"start":{"line":197,"column":46},"end":{"line":197,"column":61}}},"34":{"name":"(anonymous_34)","line":200,"loc":{"start":{"line":200,"column":7},"end":{"line":200,"column":26}}},"35":{"name":"(anonymous_35)","line":207,"loc":{"start":{"line":207,"column":51},"end":{"line":207,"column":66}}},"36":{"name":"(anonymous_36)","line":211,"loc":{"start":{"line":211,"column":7},"end":{"line":211,"column":26}}},"37":{"name":"(anonymous_37)","line":220,"loc":{"start":{"line":220,"column":51},"end":{"line":220,"column":66}}},"38":{"name":"(anonymous_38)","line":224,"loc":{"start":{"line":224,"column":7},"end":{"line":224,"column":26}}},"39":{"name":"(anonymous_39)","line":233,"loc":{"start":{"line":233,"column":51},"end":{"line":233,"column":66}}},"40":{"name":"(anonymous_40)","line":237,"loc":{"start":{"line":237,"column":7},"end":{"line":237,"column":26}}},"41":{"name":"(anonymous_41)","line":246,"loc":{"start":{"line":246,"column":40},"end":{"line":246,"column":55}}},"42":{"name":"(anonymous_42)","line":259,"loc":{"start":{"line":259,"column":51},"end":{"line":259,"column":66}}},"43":{"name":"(anonymous_43)","line":262,"loc":{"start":{"line":262,"column":7},"end":{"line":262,"column":26}}},"44":{"name":"(anonymous_44)","line":271,"loc":{"start":{"line":271,"column":51},"end":{"line":271,"column":66}}},"45":{"name":"(anonymous_45)","line":275,"loc":{"start":{"line":275,"column":7},"end":{"line":275,"column":26}}}},"statementMap":{"1":{"start":{"line":1,"column":0},"end":{"line":1,"column":36}},"2":{"start":{"line":2,"column":0},"end":{"line":2,"column":31}},"3":{"start":{"line":3,"column":0},"end":{"line":3,"column":31}},"4":{"start":{"line":4,"column":0},"end":{"line":4,"column":35}},"5":{"start":{"line":5,"column":0},"end":{"line":5,"column":31}},"6":{"start":{"line":7,"column":0},"end":{"line":7,"column":37}},"7":{"start":{"line":9,"column":0},"end":{"line":9,"column":15}},"8":{"start":{"line":11,"column":0},"end":{"line":11,"column":34}},"9":{"start":{"line":13,"column":0},"end":{"line":285,"column":3}},"10":{"start":{"line":14,"column":4},"end":{"line":284,"column":7}},"11":{"start":{"line":15,"column":1},"end":{"line":15,"column":30}},"12":{"start":{"line":16,"column":1},"end":{"line":16,"column":30}},"13":{"start":{"line":17,"column":1},"end":{"line":17,"column":30}},"14":{"start":{"line":18,"column":1},"end":{"line":18,"column":30}},"15":{"start":{"line":32,"column":1},"end":{"line":40,"column":4}},"16":{"start":{"line":33,"column":5},"end":{"line":39,"column":5}},"17":{"start":{"line":36,"column":6},"end":{"line":36,"column":24}},"18":{"start":{"line":37,"column":6},"end":{"line":37,"column":40}},"19":{"start":{"line":38,"column":6},"end":{"line":38,"column":13}},"20":{"start":{"line":42,"column":1},"end":{"line":53,"column":4}},"21":{"start":{"line":43,"column":5},"end":{"line":52,"column":5}},"22":{"start":{"line":47,"column":6},"end":{"line":47,"column":28}},"23":{"start":{"line":48,"column":6},"end":{"line":48,"column":40}},"24":{"start":{"line":51,"column":6},"end":{"line":51,"column":13}},"25":{"start":{"line":55,"column":1},"end":{"line":65,"column":4}},"26":{"start":{"line":56,"column":5},"end":{"line":64,"column":5}},"27":{"start":{"line":59,"column":6},"end":{"line":59,"column":28}},"28":{"start":{"line":60,"column":6},"end":{"line":60,"column":40}},"29":{"start":{"line":63,"column":6},"end":{"line":63,"column":13}},"30":{"start":{"line":67,"column":1},"end":{"line":78,"column":4}},"31":{"start":{"line":68,"column":5},"end":{"line":77,"column":5}},"32":{"start":{"line":72,"column":6},"end":{"line":72,"column":28}},"33":{"start":{"line":73,"column":6},"end":{"line":73,"column":40}},"34":{"start":{"line":76,"column":6},"end":{"line":76,"column":13}},"35":{"start":{"line":80,"column":1},"end":{"line":90,"column":4}},"36":{"start":{"line":81,"column":5},"end":{"line":89,"column":5}},"37":{"start":{"line":84,"column":6},"end":{"line":84,"column":28}},"38":{"start":{"line":85,"column":6},"end":{"line":85,"column":40}},"39":{"start":{"line":88,"column":6},"end":{"line":88,"column":13}},"40":{"start":{"line":92,"column":1},"end":{"line":100,"column":4}},"41":{"start":{"line":93,"column":5},"end":{"line":99,"column":5}},"42":{"start":{"line":97,"column":6},"end":{"line":97,"column":40}},"43":{"start":{"line":98,"column":6},"end":{"line":98,"column":13}},"44":{"start":{"line":102,"column":1},"end":{"line":110,"column":4}},"45":{"start":{"line":103,"column":5},"end":{"line":109,"column":5}},"46":{"start":{"line":107,"column":6},"end":{"line":107,"column":40}},"47":{"start":{"line":108,"column":6},"end":{"line":108,"column":13}},"48":{"start":{"line":114,"column":1},"end":{"line":125,"column":4}},"49":{"start":{"line":115,"column":5},"end":{"line":124,"column":5}},"50":{"start":{"line":119,"column":6},"end":{"line":119,"column":28}},"51":{"start":{"line":120,"column":6},"end":{"line":120,"column":40}},"52":{"start":{"line":123,"column":6},"end":{"line":123,"column":13}},"53":{"start":{"line":127,"column":1},"end":{"line":135,"column":4}},"54":{"start":{"line":128,"column":5},"end":{"line":134,"column":5}},"55":{"start":{"line":132,"column":6},"end":{"line":132,"column":40}},"56":{"start":{"line":133,"column":6},"end":{"line":133,"column":13}},"57":{"start":{"line":137,"column":1},"end":{"line":145,"column":4}},"58":{"start":{"line":138,"column":5},"end":{"line":144,"column":5}},"59":{"start":{"line":142,"column":6},"end":{"line":142,"column":40}},"60":{"start":{"line":143,"column":6},"end":{"line":143,"column":13}},"61":{"start":{"line":147,"column":1},"end":{"line":155,"column":4}},"62":{"start":{"line":148,"column":5},"end":{"line":154,"column":5}},"63":{"start":{"line":152,"column":6},"end":{"line":152,"column":40}},"64":{"start":{"line":153,"column":6},"end":{"line":153,"column":13}},"65":{"start":{"line":157,"column":1},"end":{"line":165,"column":4}},"66":{"start":{"line":158,"column":5},"end":{"line":164,"column":5}},"67":{"start":{"line":162,"column":6},"end":{"line":162,"column":40}},"68":{"start":{"line":163,"column":6},"end":{"line":163,"column":13}},"69":{"start":{"line":167,"column":8},"end":{"line":175,"column":4}},"70":{"start":{"line":168,"column":5},"end":{"line":174,"column":5}},"71":{"start":{"line":172,"column":6},"end":{"line":172,"column":40}},"72":{"start":{"line":173,"column":6},"end":{"line":173,"column":13}},"73":{"start":{"line":177,"column":1},"end":{"line":185,"column":4}},"74":{"start":{"line":178,"column":5},"end":{"line":184,"column":5}},"75":{"start":{"line":182,"column":6},"end":{"line":182,"column":40}},"76":{"start":{"line":183,"column":6},"end":{"line":183,"column":13}},"77":{"start":{"line":187,"column":1},"end":{"line":195,"column":4}},"78":{"start":{"line":188,"column":5},"end":{"line":194,"column":5}},"79":{"start":{"line":192,"column":6},"end":{"line":192,"column":40}},"80":{"start":{"line":193,"column":6},"end":{"line":193,"column":13}},"81":{"start":{"line":197,"column":1},"end":{"line":205,"column":4}},"82":{"start":{"line":198,"column":5},"end":{"line":204,"column":5}},"83":{"start":{"line":202,"column":6},"end":{"line":202,"column":40}},"84":{"start":{"line":203,"column":6},"end":{"line":203,"column":13}},"85":{"start":{"line":207,"column":1},"end":{"line":218,"column":4}},"86":{"start":{"line":208,"column":5},"end":{"line":217,"column":5}},"87":{"start":{"line":213,"column":6},"end":{"line":213,"column":40}},"88":{"start":{"line":216,"column":6},"end":{"line":216,"column":13}},"89":{"start":{"line":220,"column":1},"end":{"line":231,"column":4}},"90":{"start":{"line":221,"column":5},"end":{"line":230,"column":5}},"91":{"start":{"line":226,"column":6},"end":{"line":226,"column":40}},"92":{"start":{"line":229,"column":6},"end":{"line":229,"column":13}},"93":{"start":{"line":233,"column":1},"end":{"line":244,"column":4}},"94":{"start":{"line":234,"column":5},"end":{"line":243,"column":5}},"95":{"start":{"line":239,"column":6},"end":{"line":239,"column":40}},"96":{"start":{"line":242,"column":6},"end":{"line":242,"column":13}},"97":{"start":{"line":246,"column":1},"end":{"line":257,"column":4}},"98":{"start":{"line":247,"column":5},"end":{"line":247,"column":34}},"99":{"start":{"line":249,"column":5},"end":{"line":253,"column":8}},"100":{"start":{"line":255,"column":5},"end":{"line":255,"column":28}},"101":{"start":{"line":259,"column":1},"end":{"line":269,"column":4}},"102":{"start":{"line":260,"column":5},"end":{"line":268,"column":5}},"103":{"start":{"line":263,"column":6},"end":{"line":263,"column":28}},"104":{"start":{"line":264,"column":6},"end":{"line":264,"column":40}},"105":{"start":{"line":267,"column":6},"end":{"line":267,"column":13}},"106":{"start":{"line":271,"column":1},"end":{"line":282,"column":4}},"107":{"start":{"line":272,"column":5},"end":{"line":281,"column":5}},"108":{"start":{"line":276,"column":6},"end":{"line":276,"column":24}},"109":{"start":{"line":280,"column":6},"end":{"line":280,"column":13}}},"branchMap":{}}}