TN:
SF:/home/emil/kurser/tdp013/tdp013_projekt/test/test.js
FN:13,(anonymous_1)
FN:14,(anonymous_2)
FN:32,(anonymous_3)
FN:35,(anonymous_4)
FN:42,(anonymous_5)
FN:46,(anonymous_6)
FN:55,(anonymous_7)
FN:58,(anonymous_8)
FN:67,(anonymous_9)
FN:71,(anonymous_10)
FN:80,(anonymous_11)
FN:83,(anonymous_12)
FN:92,(anonymous_13)
FN:95,(anonymous_14)
FN:102,(anonymous_15)
FN:105,(anonymous_16)
FN:114,(anonymous_17)
FN:118,(anonymous_18)
FN:127,(anonymous_19)
FN:130,(anonymous_20)
FN:137,(anonymous_21)
FN:140,(anonymous_22)
FN:147,(anonymous_23)
FN:150,(anonymous_24)
FN:157,(anonymous_25)
FN:160,(anonymous_26)
FN:167,(anonymous_27)
FN:170,(anonymous_28)
FN:177,(anonymous_29)
FN:180,(anonymous_30)
FN:187,(anonymous_31)
FN:190,(anonymous_32)
FN:197,(anonymous_33)
FN:200,(anonymous_34)
FN:207,(anonymous_35)
FN:211,(anonymous_36)
FN:220,(anonymous_37)
FN:224,(anonymous_38)
FN:233,(anonymous_39)
FN:237,(anonymous_40)
FN:246,(anonymous_41)
FN:259,(anonymous_42)
FN:262,(anonymous_43)
FN:271,(anonymous_44)
FN:275,(anonymous_45)
FNF:45
FNH:44
FNDA:1,(anonymous_1)
FNDA:1,(anonymous_2)
FNDA:1,(anonymous_3)
FNDA:1,(anonymous_4)
FNDA:1,(anonymous_5)
FNDA:1,(anonymous_6)
FNDA:1,(anonymous_7)
FNDA:1,(anonymous_8)
FNDA:1,(anonymous_9)
FNDA:1,(anonymous_10)
FNDA:1,(anonymous_11)
FNDA:1,(anonymous_12)
FNDA:1,(anonymous_13)
FNDA:1,(anonymous_14)
FNDA:1,(anonymous_15)
FNDA:1,(anonymous_16)
FNDA:1,(anonymous_17)
FNDA:1,(anonymous_18)
FNDA:1,(anonymous_19)
FNDA:1,(anonymous_20)
FNDA:1,(anonymous_21)
FNDA:1,(anonymous_22)
FNDA:1,(anonymous_23)
FNDA:1,(anonymous_24)
FNDA:1,(anonymous_25)
FNDA:1,(anonymous_26)
FNDA:1,(anonymous_27)
FNDA:1,(anonymous_28)
FNDA:1,(anonymous_29)
FNDA:1,(anonymous_30)
FNDA:1,(anonymous_31)
FNDA:1,(anonymous_32)
FNDA:1,(anonymous_33)
FNDA:1,(anonymous_34)
FNDA:1,(anonymous_35)
FNDA:1,(anonymous_36)
FNDA:1,(anonymous_37)
FNDA:0,(anonymous_38)
FNDA:1,(anonymous_39)
FNDA:1,(anonymous_40)
FNDA:1,(anonymous_41)
FNDA:1,(anonymous_42)
FNDA:1,(anonymous_43)
FNDA:1,(anonymous_44)
FNDA:1,(anonymous_45)
DA:1,1
DA:2,1
DA:3,1
DA:4,1
DA:5,1
DA:7,1
DA:9,1
DA:11,1
DA:13,1
DA:14,1
DA:15,1
DA:16,1
DA:17,1
DA:18,1
DA:32,1
DA:33,1
DA:36,1
DA:37,1
DA:38,1
DA:42,1
DA:43,1
DA:47,1
DA:48,1
DA:51,1
DA:55,1
DA:56,1
DA:59,1
DA:60,1
DA:63,1
DA:67,1
DA:68,1
DA:72,1
DA:73,1
DA:76,1
DA:80,1
DA:81,1
DA:84,1
DA:85,1
DA:88,1
DA:92,1
DA:93,1
DA:97,1
DA:98,1
DA:102,1
DA:103,1
DA:107,1
DA:108,1
DA:114,1
DA:115,1
DA:119,1
DA:120,1
DA:123,1
DA:127,1
DA:128,1
DA:132,1
DA:133,1
DA:137,1
DA:138,1
DA:142,1
DA:143,1
DA:147,1
DA:148,1
DA:152,1
DA:153,1
DA:157,1
DA:158,1
DA:162,1
DA:163,1
DA:167,1
DA:168,1
DA:172,1
DA:173,1
DA:177,1
DA:178,1
DA:182,1
DA:183,1
DA:187,1
DA:188,1
DA:192,1
DA:193,1
DA:197,1
DA:198,1
DA:202,1
DA:203,1
DA:207,1
DA:208,1
DA:213,1
DA:216,1
DA:220,1
DA:221,1
DA:226,0
DA:229,0
DA:233,1
DA:234,1
DA:239,1
DA:242,1
DA:246,1
DA:247,1
DA:249,1
DA:255,1
DA:259,1
DA:260,1
DA:263,1
DA:264,1
DA:267,1
DA:271,1
DA:272,1
DA:276,1
DA:280,1
LF:109
LH:107
BRF:0
BRH:0
end_of_record
