{"/home/emil/kurser/tdp013/tdp013_projekt/app.js":{"path":"/home/emil/kurser/tdp013/tdp013_projekt/app.js","s":{"1":1,"2":1,"3":1,"4":1,"5":1,"6":1,"7":1,"8":1,"9":1,"10":1,"11":1,"12":1,"13":1,"14":1,"15":1,"16":1,"17":1,"18":1,"19":1,"20":1,"21":1,"22":1,"23":3,"24":3,"25":3,"26":0,"27":3,"28":1,"29":2,"30":1,"31":1,"32":1,"33":3,"34":3,"35":3,"36":0,"37":3,"38":1,"39":1,"40":2,"41":2,"42":2,"43":2,"44":2,"45":2,"46":2,"47":1,"48":3,"49":1,"50":20,"51":1,"52":9,"53":1,"54":8,"55":1,"56":1,"57":1,"58":1,"59":1,"60":1,"61":1,"62":1,"63":1,"64":1,"65":1,"66":1,"67":1,"68":1,"69":1,"70":1,"71":1,"72":1,"73":1,"74":1,"75":1,"76":1,"77":1,"78":1,"79":1,"80":1,"81":0,"82":1,"83":1,"84":2,"85":2,"86":2,"87":1,"88":1,"89":2,"90":2,"91":2,"92":0,"93":2,"94":1,"95":1,"96":1,"97":1,"98":1,"99":0,"100":1,"101":1,"102":1,"103":1,"104":1,"105":1,"106":1,"107":0,"108":1,"109":1,"110":2,"111":1,"112":1,"113":2,"114":2,"115":2,"116":0,"117":2,"118":2,"119":2,"120":1,"121":1,"122":1,"123":2,"124":2,"125":2,"126":1,"127":1,"128":2,"129":2,"130":0,"131":2,"132":1,"133":2,"134":1,"135":1,"136":1,"137":1,"138":1,"139":1,"140":1,"141":1,"142":1,"143":1,"144":1,"145":2,"146":2,"147":1,"148":1,"149":2,"150":2,"151":0,"152":2,"153":2,"154":2,"155":1,"156":2,"157":2,"158":0,"159":2,"160":2,"161":1,"162":1,"163":1,"164":2,"165":2,"166":0,"167":2,"168":1,"169":1,"170":1,"171":3,"172":3,"173":1,"174":1,"175":1,"176":1,"177":1,"178":1,"179":1,"180":1,"181":1,"182":1,"183":1,"184":1,"185":1,"186":0,"187":0,"188":1,"189":1,"190":0,"191":1},"b":{"1":[0,3],"2":[1,2],"3":[1,1],"4":[0,3],"5":[1,2],"6":[1,8],"7":[1,1],"8":[1,0],"9":[1,0],"10":[0,1],"11":[1,1],"12":[0,2],"13":[0,1],"14":[0,1],"15":[1,1],"16":[0,2],"17":[1,1],"18":[0,2],"19":[1,1],"20":[0,2],"21":[1,1],"22":[0,2],"23":[1,0],"24":[1,0],"25":[0,1]},"f":{"1":3,"2":3,"3":3,"4":3,"5":3,"6":3,"7":3,"8":20,"9":9,"10":1,"11":1,"12":1,"13":1,"14":2,"15":2,"16":1,"17":1,"18":1,"19":1,"20":2,"21":2,"22":1,"23":2,"24":2,"25":1,"26":1,"27":1,"28":1,"29":2,"30":2,"31":1,"32":2,"33":1,"34":3,"35":1,"36":1,"37":1,"38":1,"39":0,"40":0},"fnMap":{"1":{"name":"(anonymous_1)","line":32,"loc":{"start":{"line":32,"column":2},"end":{"line":32,"column":42}}},"2":{"name":"(anonymous_2)","line":33,"loc":{"start":{"line":33,"column":21},"end":{"line":33,"column":32}}},"3":{"name":"(anonymous_3)","line":34,"loc":{"start":{"line":34,"column":45},"end":{"line":34,"column":64}}},"4":{"name":"(anonymous_4)","line":51,"loc":{"start":{"line":51,"column":3},"end":{"line":51,"column":43}}},"5":{"name":"(anonymous_5)","line":55,"loc":{"start":{"line":55,"column":21},"end":{"line":55,"column":32}}},"6":{"name":"(anonymous_6)","line":59,"loc":{"start":{"line":59,"column":48},"end":{"line":59,"column":68}}},"7":{"name":"(anonymous_7)","line":90,"loc":{"start":{"line":90,"column":23},"end":{"line":90,"column":44}}},"8":{"name":"(anonymous_8)","line":94,"loc":{"start":{"line":94,"column":25},"end":{"line":94,"column":46}}},"9":{"name":"(anonymous_9)","line":99,"loc":{"start":{"line":99,"column":11},"end":{"line":99,"column":35}}},"10":{"name":"(anonymous_10)","line":135,"loc":{"start":{"line":135,"column":13},"end":{"line":135,"column":31}}},"11":{"name":"(anonymous_11)","line":139,"loc":{"start":{"line":139,"column":24},"end":{"line":139,"column":42}}},"12":{"name":"(anonymous_12)","line":144,"loc":{"start":{"line":144,"column":24},"end":{"line":144,"column":42}}},"13":{"name":"(anonymous_13)","line":150,"loc":{"start":{"line":150,"column":38},"end":{"line":150,"column":57}}},"14":{"name":"(anonymous_14)","line":159,"loc":{"start":{"line":159,"column":27},"end":{"line":159,"column":45}}},"15":{"name":"(anonymous_15)","line":169,"loc":{"start":{"line":169,"column":81},"end":{"line":169,"column":100}}},"16":{"name":"(anonymous_16)","line":179,"loc":{"start":{"line":179,"column":26},"end":{"line":179,"column":44}}},"17":{"name":"(anonymous_17)","line":183,"loc":{"start":{"line":183,"column":39},"end":{"line":183,"column":58}}},"18":{"name":"(anonymous_18)","line":192,"loc":{"start":{"line":192,"column":29},"end":{"line":192,"column":47}}},"19":{"name":"(anonymous_19)","line":197,"loc":{"start":{"line":197,"column":111},"end":{"line":197,"column":130}}},"20":{"name":"(anonymous_20)","line":208,"loc":{"start":{"line":208,"column":27},"end":{"line":208,"column":45}}},"21":{"name":"(anonymous_21)","line":217,"loc":{"start":{"line":217,"column":39},"end":{"line":217,"column":58}}},"22":{"name":"(anonymous_22)","line":228,"loc":{"start":{"line":228,"column":23},"end":{"line":228,"column":42}}},"23":{"name":"(anonymous_23)","line":233,"loc":{"start":{"line":233,"column":19},"end":{"line":233,"column":38}}},"24":{"name":"(anonymous_24)","line":244,"loc":{"start":{"line":244,"column":58},"end":{"line":244,"column":77}}},"25":{"name":"(anonymous_25)","line":248,"loc":{"start":{"line":248,"column":15},"end":{"line":248,"column":29}}},"26":{"name":"(anonymous_26)","line":257,"loc":{"start":{"line":257,"column":20},"end":{"line":257,"column":39}}},"27":{"name":"(anonymous_27)","line":264,"loc":{"start":{"line":264,"column":26},"end":{"line":264,"column":63}}},"28":{"name":"(anonymous_28)","line":268,"loc":{"start":{"line":268,"column":28},"end":{"line":268,"column":40}}},"29":{"name":"(anonymous_29)","line":275,"loc":{"start":{"line":275,"column":28},"end":{"line":275,"column":47}}},"30":{"name":"(anonymous_30)","line":285,"loc":{"start":{"line":285,"column":58},"end":{"line":285,"column":77}}},"31":{"name":"(anonymous_31)","line":311,"loc":{"start":{"line":311,"column":21},"end":{"line":311,"column":40}}},"32":{"name":"(anonymous_32)","line":316,"loc":{"start":{"line":316,"column":61},"end":{"line":316,"column":80}}},"33":{"name":"(anonymous_33)","line":327,"loc":{"start":{"line":327,"column":57},"end":{"line":327,"column":76}}},"34":{"name":"(anonymous_34)","line":332,"loc":{"start":{"line":332,"column":20},"end":{"line":332,"column":38}}},"35":{"name":"start","line":339,"loc":{"start":{"line":339,"column":0},"end":{"line":339,"column":17}}},"36":{"name":"(anonymous_36)","line":343,"loc":{"start":{"line":343,"column":35},"end":{"line":343,"column":45}}},"37":{"name":"clearDb","line":348,"loc":{"start":{"line":348,"column":0},"end":{"line":348,"column":19}}},"38":{"name":"(anonymous_38)","line":349,"loc":{"start":{"line":349,"column":20},"end":{"line":349,"column":34}}},"39":{"name":"(anonymous_39)","line":362,"loc":{"start":{"line":362,"column":8},"end":{"line":362,"column":47}}},"40":{"name":"(anonymous_40)","line":365,"loc":{"start":{"line":365,"column":11},"end":{"line":365,"column":34}}}},"statementMap":{"1":{"start":{"line":1,"column":0},"end":{"line":1,"column":33}},"2":{"start":{"line":2,"column":0},"end":{"line":2,"column":27}},"3":{"start":{"line":4,"column":0},"end":{"line":4,"column":27}},"4":{"start":{"line":5,"column":0},"end":{"line":5,"column":35}},"5":{"start":{"line":6,"column":0},"end":{"line":6,"column":44}},"6":{"start":{"line":7,"column":0},"end":{"line":7,"column":40}},"7":{"start":{"line":8,"column":0},"end":{"line":8,"column":31}},"8":{"start":{"line":9,"column":0},"end":{"line":9,"column":41}},"9":{"start":{"line":10,"column":0},"end":{"line":10,"column":39}},"10":{"start":{"line":11,"column":0},"end":{"line":11,"column":43}},"11":{"start":{"line":12,"column":0},"end":{"line":12,"column":55}},"12":{"start":{"line":13,"column":0},"end":{"line":13,"column":35}},"13":{"start":{"line":14,"column":0},"end":{"line":14,"column":51}},"14":{"start":{"line":15,"column":0},"end":{"line":15,"column":27}},"15":{"start":{"line":16,"column":0},"end":{"line":16,"column":42}},"16":{"start":{"line":17,"column":0},"end":{"line":17,"column":37}},"17":{"start":{"line":19,"column":0},"end":{"line":19,"column":39}},"18":{"start":{"line":20,"column":0},"end":{"line":20,"column":23}},"19":{"start":{"line":23,"column":0},"end":{"line":23,"column":34}},"20":{"start":{"line":24,"column":0},"end":{"line":24,"column":31}},"21":{"start":{"line":26,"column":0},"end":{"line":26,"column":29}},"22":{"start":{"line":28,"column":0},"end":{"line":44,"column":4}},"23":{"start":{"line":33,"column":4},"end":{"line":43,"column":6}},"24":{"start":{"line":34,"column":1},"end":{"line":42,"column":3}},"25":{"start":{"line":35,"column":5},"end":{"line":36,"column":19}},"26":{"start":{"line":36,"column":2},"end":{"line":36,"column":19}},"27":{"start":{"line":37,"column":5},"end":{"line":38,"column":62}},"28":{"start":{"line":38,"column":2},"end":{"line":38,"column":62}},"29":{"start":{"line":39,"column":5},"end":{"line":40,"column":62}},"30":{"start":{"line":40,"column":2},"end":{"line":40,"column":62}},"31":{"start":{"line":41,"column":5},"end":{"line":41,"column":29}},"32":{"start":{"line":46,"column":0},"end":{"line":85,"column":4}},"33":{"start":{"line":55,"column":4},"end":{"line":83,"column":7}},"34":{"start":{"line":59,"column":1},"end":{"line":81,"column":4}},"35":{"start":{"line":61,"column":5},"end":{"line":62,"column":19}},"36":{"start":{"line":62,"column":2},"end":{"line":62,"column":19}},"37":{"start":{"line":65,"column":5},"end":{"line":79,"column":6}},"38":{"start":{"line":67,"column":2},"end":{"line":67,"column":29}},"39":{"start":{"line":68,"column":2},"end":{"line":68,"column":27}},"40":{"start":{"line":71,"column":2},"end":{"line":71,"column":27}},"41":{"start":{"line":72,"column":2},"end":{"line":72,"column":36}},"42":{"start":{"line":73,"column":2},"end":{"line":73,"column":36}},"43":{"start":{"line":74,"column":2},"end":{"line":74,"column":41}},"44":{"start":{"line":75,"column":2},"end":{"line":75,"column":39}},"45":{"start":{"line":77,"column":2},"end":{"line":77,"column":32}},"46":{"start":{"line":78,"column":2},"end":{"line":78,"column":29}},"47":{"start":{"line":90,"column":0},"end":{"line":92,"column":3}},"48":{"start":{"line":91,"column":4},"end":{"line":91,"column":21}},"49":{"start":{"line":94,"column":0},"end":{"line":96,"column":3}},"50":{"start":{"line":95,"column":4},"end":{"line":95,"column":21}},"51":{"start":{"line":99,"column":0},"end":{"line":104,"column":2}},"52":{"start":{"line":100,"column":2},"end":{"line":103,"column":10}},"53":{"start":{"line":101,"column":3},"end":{"line":101,"column":17}},"54":{"start":{"line":103,"column":3},"end":{"line":103,"column":10}},"55":{"start":{"line":107,"column":0},"end":{"line":107,"column":20}},"56":{"start":{"line":110,"column":0},"end":{"line":110,"column":42}},"57":{"start":{"line":111,"column":0},"end":{"line":111,"column":39}},"58":{"start":{"line":112,"column":0},"end":{"line":112,"column":30}},"59":{"start":{"line":113,"column":0},"end":{"line":113,"column":23}},"60":{"start":{"line":114,"column":0},"end":{"line":114,"column":16}},"61":{"start":{"line":115,"column":0},"end":{"line":115,"column":24}},"62":{"start":{"line":116,"column":0},"end":{"line":116,"column":27}},"63":{"start":{"line":117,"column":0},"end":{"line":122,"column":4}},"64":{"start":{"line":124,"column":0},"end":{"line":124,"column":31}},"65":{"start":{"line":125,"column":0},"end":{"line":125,"column":28}},"66":{"start":{"line":126,"column":0},"end":{"line":126,"column":37}},"67":{"start":{"line":127,"column":0},"end":{"line":127,"column":56}},"68":{"start":{"line":130,"column":0},"end":{"line":132,"column":1}},"69":{"start":{"line":131,"column":2},"end":{"line":131,"column":26}},"70":{"start":{"line":135,"column":0},"end":{"line":137,"column":3}},"71":{"start":{"line":136,"column":2},"end":{"line":136,"column":44}},"72":{"start":{"line":139,"column":0},"end":{"line":142,"column":3}},"73":{"start":{"line":140,"column":4},"end":{"line":140,"column":32}},"74":{"start":{"line":141,"column":4},"end":{"line":141,"column":35}},"75":{"start":{"line":144,"column":0},"end":{"line":157,"column":3}},"76":{"start":{"line":145,"column":4},"end":{"line":145,"column":37}},"77":{"start":{"line":146,"column":4},"end":{"line":148,"column":5}},"78":{"start":{"line":147,"column":1},"end":{"line":147,"column":26}},"79":{"start":{"line":150,"column":4},"end":{"line":155,"column":7}},"80":{"start":{"line":151,"column":1},"end":{"line":153,"column":2}},"81":{"start":{"line":152,"column":5},"end":{"line":152,"column":15}},"82":{"start":{"line":154,"column":1},"end":{"line":154,"column":22}},"83":{"start":{"line":159,"column":0},"end":{"line":177,"column":3}},"84":{"start":{"line":160,"column":4},"end":{"line":160,"column":62}},"85":{"start":{"line":161,"column":4},"end":{"line":161,"column":29}},"86":{"start":{"line":162,"column":4},"end":{"line":166,"column":5}},"87":{"start":{"line":163,"column":1},"end":{"line":163,"column":44}},"88":{"start":{"line":165,"column":1},"end":{"line":165,"column":34}},"89":{"start":{"line":167,"column":4},"end":{"line":167,"column":48}},"90":{"start":{"line":169,"column":4},"end":{"line":176,"column":7}},"91":{"start":{"line":170,"column":1},"end":{"line":173,"column":2}},"92":{"start":{"line":172,"column":5},"end":{"line":172,"column":15}},"93":{"start":{"line":175,"column":1},"end":{"line":175,"column":16}},"94":{"start":{"line":179,"column":0},"end":{"line":190,"column":3}},"95":{"start":{"line":181,"column":4},"end":{"line":181,"column":34}},"96":{"start":{"line":182,"column":4},"end":{"line":182,"column":21}},"97":{"start":{"line":183,"column":4},"end":{"line":189,"column":7}},"98":{"start":{"line":184,"column":1},"end":{"line":186,"column":2}},"99":{"start":{"line":185,"column":5},"end":{"line":185,"column":15}},"100":{"start":{"line":188,"column":1},"end":{"line":188,"column":24}},"101":{"start":{"line":192,"column":0},"end":{"line":204,"column":3}},"102":{"start":{"line":193,"column":4},"end":{"line":193,"column":32}},"103":{"start":{"line":194,"column":4},"end":{"line":194,"column":41}},"104":{"start":{"line":195,"column":4},"end":{"line":195,"column":39}},"105":{"start":{"line":197,"column":4},"end":{"line":203,"column":7}},"106":{"start":{"line":198,"column":1},"end":{"line":200,"column":2}},"107":{"start":{"line":199,"column":5},"end":{"line":199,"column":15}},"108":{"start":{"line":202,"column":1},"end":{"line":202,"column":24}},"109":{"start":{"line":208,"column":0},"end":{"line":226,"column":3}},"110":{"start":{"line":210,"column":4},"end":{"line":213,"column":31}},"111":{"start":{"line":211,"column":1},"end":{"line":211,"column":35}},"112":{"start":{"line":213,"column":1},"end":{"line":213,"column":31}},"113":{"start":{"line":215,"column":4},"end":{"line":215,"column":21}},"114":{"start":{"line":217,"column":4},"end":{"line":225,"column":7}},"115":{"start":{"line":218,"column":1},"end":{"line":223,"column":2}},"116":{"start":{"line":219,"column":5},"end":{"line":219,"column":15}},"117":{"start":{"line":221,"column":5},"end":{"line":221,"column":57}},"118":{"start":{"line":222,"column":5},"end":{"line":222,"column":31}},"119":{"start":{"line":224,"column":1},"end":{"line":224,"column":20}},"120":{"start":{"line":228,"column":0},"end":{"line":231,"column":3}},"121":{"start":{"line":230,"column":4},"end":{"line":230,"column":39}},"122":{"start":{"line":233,"column":0},"end":{"line":255,"column":3}},"123":{"start":{"line":235,"column":4},"end":{"line":235,"column":24}},"124":{"start":{"line":236,"column":4},"end":{"line":236,"column":20}},"125":{"start":{"line":238,"column":4},"end":{"line":242,"column":5}},"126":{"start":{"line":239,"column":1},"end":{"line":239,"column":28}},"127":{"start":{"line":241,"column":1},"end":{"line":241,"column":32}},"128":{"start":{"line":244,"column":4},"end":{"line":253,"column":7}},"129":{"start":{"line":245,"column":1},"end":{"line":247,"column":2}},"130":{"start":{"line":246,"column":5},"end":{"line":246,"column":15}},"131":{"start":{"line":248,"column":1},"end":{"line":250,"column":4}},"132":{"start":{"line":249,"column":5},"end":{"line":249,"column":65}},"133":{"start":{"line":252,"column":1},"end":{"line":252,"column":22}},"134":{"start":{"line":257,"column":0},"end":{"line":273,"column":3}},"135":{"start":{"line":259,"column":4},"end":{"line":259,"column":16}},"136":{"start":{"line":260,"column":4},"end":{"line":260,"column":25}},"137":{"start":{"line":262,"column":4},"end":{"line":262,"column":29}},"138":{"start":{"line":264,"column":4},"end":{"line":271,"column":7}},"139":{"start":{"line":265,"column":8},"end":{"line":265,"column":46}},"140":{"start":{"line":266,"column":8},"end":{"line":266,"column":99}},"141":{"start":{"line":267,"column":8},"end":{"line":267,"column":27}},"142":{"start":{"line":268,"column":8},"end":{"line":270,"column":11}},"143":{"start":{"line":269,"column":12},"end":{"line":269,"column":23}},"144":{"start":{"line":275,"column":0},"end":{"line":307,"column":3}},"145":{"start":{"line":277,"column":4},"end":{"line":277,"column":20}},"146":{"start":{"line":279,"column":4},"end":{"line":283,"column":5}},"147":{"start":{"line":280,"column":1},"end":{"line":280,"column":28}},"148":{"start":{"line":282,"column":1},"end":{"line":282,"column":30}},"149":{"start":{"line":285,"column":4},"end":{"line":305,"column":7}},"150":{"start":{"line":286,"column":1},"end":{"line":289,"column":2}},"151":{"start":{"line":288,"column":5},"end":{"line":288,"column":15}},"152":{"start":{"line":291,"column":1},"end":{"line":291,"column":42}},"153":{"start":{"line":292,"column":1},"end":{"line":292,"column":16}},"154":{"start":{"line":293,"column":1},"end":{"line":295,"column":2}},"155":{"start":{"line":294,"column":5},"end":{"line":294,"column":43}},"156":{"start":{"line":296,"column":1},"end":{"line":296,"column":12}},"157":{"start":{"line":297,"column":1},"end":{"line":302,"column":2}},"158":{"start":{"line":299,"column":5},"end":{"line":299,"column":19}},"159":{"start":{"line":301,"column":5},"end":{"line":301,"column":20}},"160":{"start":{"line":304,"column":1},"end":{"line":304,"column":18}},"161":{"start":{"line":311,"column":0},"end":{"line":314,"column":3}},"162":{"start":{"line":313,"column":2},"end":{"line":313,"column":51}},"163":{"start":{"line":316,"column":0},"end":{"line":324,"column":3}},"164":{"start":{"line":317,"column":4},"end":{"line":321,"column":5}},"165":{"start":{"line":318,"column":1},"end":{"line":318,"column":69}},"166":{"start":{"line":320,"column":1},"end":{"line":320,"column":11}},"167":{"start":{"line":323,"column":4},"end":{"line":323,"column":23}},"168":{"start":{"line":327,"column":0},"end":{"line":329,"column":3}},"169":{"start":{"line":328,"column":2},"end":{"line":328,"column":21}},"170":{"start":{"line":332,"column":0},"end":{"line":335,"column":3}},"171":{"start":{"line":333,"column":2},"end":{"line":333,"column":15}},"172":{"start":{"line":334,"column":2},"end":{"line":334,"column":16}},"173":{"start":{"line":337,"column":0},"end":{"line":337,"column":36}},"174":{"start":{"line":339,"column":0},"end":{"line":346,"column":1}},"175":{"start":{"line":340,"column":4},"end":{"line":342,"column":5}},"176":{"start":{"line":341,"column":1},"end":{"line":341,"column":11}},"177":{"start":{"line":343,"column":4},"end":{"line":345,"column":7}},"178":{"start":{"line":344,"column":1},"end":{"line":344,"column":68}},"179":{"start":{"line":348,"column":0},"end":{"line":352,"column":1}},"180":{"start":{"line":349,"column":4},"end":{"line":351,"column":7}},"181":{"start":{"line":350,"column":1},"end":{"line":350,"column":39}},"182":{"start":{"line":354,"column":0},"end":{"line":354,"column":45}},"183":{"start":{"line":355,"column":0},"end":{"line":355,"column":49}},"184":{"start":{"line":356,"column":0},"end":{"line":356,"column":50}},"185":{"start":{"line":357,"column":0},"end":{"line":368,"column":4}},"186":{"start":{"line":363,"column":4},"end":{"line":363,"column":24}},"187":{"start":{"line":366,"column":6},"end":{"line":366,"column":25}},"188":{"start":{"line":369,"column":0},"end":{"line":369,"column":49}},"189":{"start":{"line":372,"column":0},"end":{"line":375,"column":1}},"190":{"start":{"line":374,"column":4},"end":{"line":374,"column":12}},"191":{"start":{"line":378,"column":0},"end":{"line":378,"column":22}}},"branchMap":{"1":{"line":35,"type":"if","locations":[{"start":{"line":35,"column":5},"end":{"line":35,"column":5}},{"start":{"line":35,"column":5},"end":{"line":35,"column":5}}]},"2":{"line":37,"type":"if","locations":[{"start":{"line":37,"column":5},"end":{"line":37,"column":5}},{"start":{"line":37,"column":5},"end":{"line":37,"column":5}}]},"3":{"line":39,"type":"if","locations":[{"start":{"line":39,"column":5},"end":{"line":39,"column":5}},{"start":{"line":39,"column":5},"end":{"line":39,"column":5}}]},"4":{"line":61,"type":"if","locations":[{"start":{"line":61,"column":5},"end":{"line":61,"column":5}},{"start":{"line":61,"column":5},"end":{"line":61,"column":5}}]},"5":{"line":65,"type":"if","locations":[{"start":{"line":65,"column":5},"end":{"line":65,"column":5}},{"start":{"line":65,"column":5},"end":{"line":65,"column":5}}]},"6":{"line":100,"type":"if","locations":[{"start":{"line":100,"column":2},"end":{"line":100,"column":2}},{"start":{"line":100,"column":2},"end":{"line":100,"column":2}}]},"7":{"line":110,"type":"binary-expr","locations":[{"start":{"line":110,"column":16},"end":{"line":110,"column":32}},{"start":{"line":110,"column":36},"end":{"line":110,"column":40}}]},"8":{"line":130,"type":"if","locations":[{"start":{"line":130,"column":0},"end":{"line":130,"column":0}},{"start":{"line":130,"column":0},"end":{"line":130,"column":0}}]},"9":{"line":146,"type":"if","locations":[{"start":{"line":146,"column":4},"end":{"line":146,"column":4}},{"start":{"line":146,"column":4},"end":{"line":146,"column":4}}]},"10":{"line":151,"type":"if","locations":[{"start":{"line":151,"column":1},"end":{"line":151,"column":1}},{"start":{"line":151,"column":1},"end":{"line":151,"column":1}}]},"11":{"line":162,"type":"if","locations":[{"start":{"line":162,"column":4},"end":{"line":162,"column":4}},{"start":{"line":162,"column":4},"end":{"line":162,"column":4}}]},"12":{"line":170,"type":"if","locations":[{"start":{"line":170,"column":1},"end":{"line":170,"column":1}},{"start":{"line":170,"column":1},"end":{"line":170,"column":1}}]},"13":{"line":184,"type":"if","locations":[{"start":{"line":184,"column":1},"end":{"line":184,"column":1}},{"start":{"line":184,"column":1},"end":{"line":184,"column":1}}]},"14":{"line":198,"type":"if","locations":[{"start":{"line":198,"column":1},"end":{"line":198,"column":1}},{"start":{"line":198,"column":1},"end":{"line":198,"column":1}}]},"15":{"line":210,"type":"if","locations":[{"start":{"line":210,"column":4},"end":{"line":210,"column":4}},{"start":{"line":210,"column":4},"end":{"line":210,"column":4}}]},"16":{"line":218,"type":"if","locations":[{"start":{"line":218,"column":1},"end":{"line":218,"column":1}},{"start":{"line":218,"column":1},"end":{"line":218,"column":1}}]},"17":{"line":238,"type":"if","locations":[{"start":{"line":238,"column":4},"end":{"line":238,"column":4}},{"start":{"line":238,"column":4},"end":{"line":238,"column":4}}]},"18":{"line":245,"type":"if","locations":[{"start":{"line":245,"column":1},"end":{"line":245,"column":1}},{"start":{"line":245,"column":1},"end":{"line":245,"column":1}}]},"19":{"line":279,"type":"if","locations":[{"start":{"line":279,"column":4},"end":{"line":279,"column":4}},{"start":{"line":279,"column":4},"end":{"line":279,"column":4}}]},"20":{"line":286,"type":"if","locations":[{"start":{"line":286,"column":1},"end":{"line":286,"column":1}},{"start":{"line":286,"column":1},"end":{"line":286,"column":1}}]},"21":{"line":293,"type":"if","locations":[{"start":{"line":293,"column":1},"end":{"line":293,"column":1}},{"start":{"line":293,"column":1},"end":{"line":293,"column":1}}]},"22":{"line":297,"type":"if","locations":[{"start":{"line":297,"column":1},"end":{"line":297,"column":1}},{"start":{"line":297,"column":1},"end":{"line":297,"column":1}}]},"23":{"line":313,"type":"cond-expr","locations":[{"start":{"line":313,"column":35},"end":{"line":313,"column":43}},{"start":{"line":313,"column":46},"end":{"line":313,"column":49}}]},"24":{"line":340,"type":"if","locations":[{"start":{"line":340,"column":4},"end":{"line":340,"column":4}},{"start":{"line":340,"column":4},"end":{"line":340,"column":4}}]},"25":{"line":372,"type":"if","locations":[{"start":{"line":372,"column":0},"end":{"line":372,"column":0}},{"start":{"line":372,"column":0},"end":{"line":372,"column":0}}]}}},"/home/emil/kurser/tdp013/tdp013_projekt/functions.js":{"path":"/home/emil/kurser/tdp013/tdp013_projekt/functions.js","s":{"1":1,"2":2,"3":2,"4":2,"5":2,"6":0,"7":2,"8":0,"9":1,"10":1,"11":1,"12":1,"13":0,"14":1,"15":2,"16":2,"17":2,"18":2,"19":1,"20":1,"21":2,"22":2,"23":0,"24":0,"25":1,"26":1,"27":1},"b":{"1":[0,2],"2":[0,1],"3":[0,0]},"f":{"1":2,"2":2,"3":1,"4":1,"5":2},"fnMap":{"1":{"name":"createUser","line":5,"loc":{"start":{"line":5,"column":0},"end":{"line":5,"column":26}}},"2":{"name":"(anonymous_2)","line":9,"loc":{"start":{"line":9,"column":11},"end":{"line":9,"column":25}}},"3":{"name":"findUsers","line":21,"loc":{"start":{"line":21,"column":0},"end":{"line":21,"column":30}}},"4":{"name":"(anonymous_4)","line":23,"loc":{"start":{"line":23,"column":18},"end":{"line":23,"column":39}}},"5":{"name":"mkdirSync","line":39,"loc":{"start":{"line":39,"column":0},"end":{"line":39,"column":29}}}},"statementMap":{"1":{"start":{"line":5,"column":0},"end":{"line":18,"column":1}},"2":{"start":{"line":7,"column":4},"end":{"line":7,"column":22}},"3":{"start":{"line":8,"column":4},"end":{"line":16,"column":5}},"4":{"start":{"line":9,"column":1},"end":{"line":12,"column":4}},"5":{"start":{"line":10,"column":5},"end":{"line":11,"column":12}},"6":{"start":{"line":11,"column":2},"end":{"line":11,"column":12}},"7":{"start":{"line":13,"column":1},"end":{"line":13,"column":33}},"8":{"start":{"line":15,"column":1},"end":{"line":15,"column":61}},"9":{"start":{"line":21,"column":0},"end":{"line":37,"column":1}},"10":{"start":{"line":22,"column":4},"end":{"line":22,"column":22}},"11":{"start":{"line":23,"column":4},"end":{"line":36,"column":7}},"12":{"start":{"line":24,"column":1},"end":{"line":34,"column":2}},"13":{"start":{"line":25,"column":5},"end":{"line":25,"column":15}},"14":{"start":{"line":27,"column":5},"end":{"line":33,"column":6}},"15":{"start":{"line":29,"column":2},"end":{"line":29,"column":16}},"16":{"start":{"line":30,"column":2},"end":{"line":30,"column":64}},"17":{"start":{"line":31,"column":2},"end":{"line":31,"column":32}},"18":{"start":{"line":32,"column":2},"end":{"line":32,"column":22}},"19":{"start":{"line":35,"column":1},"end":{"line":35,"column":20}},"20":{"start":{"line":39,"column":0},"end":{"line":45,"column":1}},"21":{"start":{"line":40,"column":4},"end":{"line":44,"column":5}},"22":{"start":{"line":41,"column":1},"end":{"line":41,"column":20}},"23":{"start":{"line":43,"column":1},"end":{"line":43,"column":35}},"24":{"start":{"line":43,"column":27},"end":{"line":43,"column":35}},"25":{"start":{"line":47,"column":0},"end":{"line":47,"column":32}},"26":{"start":{"line":48,"column":0},"end":{"line":48,"column":30}},"27":{"start":{"line":49,"column":0},"end":{"line":49,"column":30}}},"branchMap":{"1":{"line":10,"type":"if","locations":[{"start":{"line":10,"column":5},"end":{"line":10,"column":5}},{"start":{"line":10,"column":5},"end":{"line":10,"column":5}}]},"2":{"line":24,"type":"if","locations":[{"start":{"line":24,"column":1},"end":{"line":24,"column":1}},{"start":{"line":24,"column":1},"end":{"line":24,"column":1}}]},"3":{"line":43,"type":"if","locations":[{"start":{"line":43,"column":1},"end":{"line":43,"column":1}},{"start":{"line":43,"column":1},"end":{"line":43,"column":1}}]}}},"/home/emil/kurser/tdp013/tdp013_projekt/db.js":{"path":"/home/emil/kurser/tdp013/tdp013_projekt/db.js","s":{"1":1},"b":{},"f":{},"fnMap":{},"statementMap":{"1":{"start":{"line":1,"column":0},"end":{"line":4,"column":2}}},"branchMap":{}},"/home/emil/kurser/tdp013/tdp013_projekt/user.js":{"path":"/home/emil/kurser/tdp013/tdp013_projekt/user.js","s":{"1":1,"2":1,"3":1},"b":{},"f":{},"fnMap":{},"statementMap":{"1":{"start":{"line":1,"column":0},"end":{"line":1,"column":35}},"2":{"start":{"line":3,"column":0},"end":{"line":13,"column":3}},"3":{"start":{"line":15,"column":0},"end":{"line":15,"column":52}}},"branchMap":{}},"/home/emil/kurser/tdp013/tdp013_projekt/socket.js":{"path":"/home/emil/kurser/tdp013/tdp013_projekt/socket.js","s":{"1":1,"2":1,"3":1,"4":1},"b":{},"f":{"1":1,"2":1},"fnMap":{"1":{"name":"(anonymous_1)","line":2,"loc":{"start":{"line":2,"column":17},"end":{"line":2,"column":35}}},"2":{"name":"(anonymous_2)","line":5,"loc":{"start":{"line":5,"column":30},"end":{"line":5,"column":46}}}},"statementMap":{"1":{"start":{"line":2,"column":0},"end":{"line":19,"column":2}},"2":{"start":{"line":5,"column":4},"end":{"line":17,"column":7}},"3":{"start":{"line":7,"column":1},"end":{"line":11,"column":4}},"4":{"start":{"line":12,"column":1},"end":{"line":16,"column":4}}},"branchMap":{}}}