TN:
SF:/home/emil/kurser/tdp013/tdp013_projekt/app.js
FN:32,(anonymous_1)
FN:33,(anonymous_2)
FN:34,(anonymous_3)
FN:51,(anonymous_4)
FN:55,(anonymous_5)
FN:59,(anonymous_6)
FN:90,(anonymous_7)
FN:94,(anonymous_8)
FN:99,(anonymous_9)
FN:135,(anonymous_10)
FN:139,(anonymous_11)
FN:144,(anonymous_12)
FN:150,(anonymous_13)
FN:159,(anonymous_14)
FN:169,(anonymous_15)
FN:179,(anonymous_16)
FN:183,(anonymous_17)
FN:192,(anonymous_18)
FN:197,(anonymous_19)
FN:208,(anonymous_20)
FN:217,(anonymous_21)
FN:228,(anonymous_22)
FN:233,(anonymous_23)
FN:244,(anonymous_24)
FN:248,(anonymous_25)
FN:257,(anonymous_26)
FN:264,(anonymous_27)
FN:268,(anonymous_28)
FN:275,(anonymous_29)
FN:285,(anonymous_30)
FN:311,(anonymous_31)
FN:316,(anonymous_32)
FN:327,(anonymous_33)
FN:332,(anonymous_34)
FN:339,start
FN:343,(anonymous_36)
FN:348,clearDb
FN:349,(anonymous_38)
FN:362,(anonymous_39)
FN:365,(anonymous_40)
FNF:40
FNH:38
FNDA:3,(anonymous_1)
FNDA:3,(anonymous_2)
FNDA:3,(anonymous_3)
FNDA:3,(anonymous_4)
FNDA:3,(anonymous_5)
FNDA:3,(anonymous_6)
FNDA:3,(anonymous_7)
FNDA:20,(anonymous_8)
FNDA:9,(anonymous_9)
FNDA:1,(anonymous_10)
FNDA:1,(anonymous_11)
FNDA:1,(anonymous_12)
FNDA:1,(anonymous_13)
FNDA:2,(anonymous_14)
FNDA:2,(anonymous_15)
FNDA:1,(anonymous_16)
FNDA:1,(anonymous_17)
FNDA:1,(anonymous_18)
FNDA:1,(anonymous_19)
FNDA:2,(anonymous_20)
FNDA:2,(anonymous_21)
FNDA:1,(anonymous_22)
FNDA:2,(anonymous_23)
FNDA:2,(anonymous_24)
FNDA:1,(anonymous_25)
FNDA:1,(anonymous_26)
FNDA:1,(anonymous_27)
FNDA:1,(anonymous_28)
FNDA:2,(anonymous_29)
FNDA:2,(anonymous_30)
FNDA:1,(anonymous_31)
FNDA:2,(anonymous_32)
FNDA:1,(anonymous_33)
FNDA:3,(anonymous_34)
FNDA:1,start
FNDA:1,(anonymous_36)
FNDA:1,clearDb
FNDA:1,(anonymous_38)
FNDA:0,(anonymous_39)
FNDA:0,(anonymous_40)
DA:1,1
DA:2,1
DA:4,1
DA:5,1
DA:6,1
DA:7,1
DA:8,1
DA:9,1
DA:10,1
DA:11,1
DA:12,1
DA:13,1
DA:14,1
DA:15,1
DA:16,1
DA:17,1
DA:19,1
DA:20,1
DA:23,1
DA:24,1
DA:26,1
DA:28,1
DA:33,3
DA:34,3
DA:35,3
DA:36,0
DA:37,3
DA:38,1
DA:39,2
DA:40,1
DA:41,1
DA:46,1
DA:55,3
DA:59,3
DA:61,3
DA:62,0
DA:65,3
DA:67,1
DA:68,1
DA:71,2
DA:72,2
DA:73,2
DA:74,2
DA:75,2
DA:77,2
DA:78,2
DA:90,1
DA:91,3
DA:94,1
DA:95,20
DA:99,1
DA:100,9
DA:101,1
DA:103,8
DA:107,1
DA:110,1
DA:111,1
DA:112,1
DA:113,1
DA:114,1
DA:115,1
DA:116,1
DA:117,1
DA:124,1
DA:125,1
DA:126,1
DA:127,1
DA:130,1
DA:131,1
DA:135,1
DA:136,1
DA:139,1
DA:140,1
DA:141,1
DA:144,1
DA:145,1
DA:146,1
DA:147,1
DA:150,1
DA:151,1
DA:152,0
DA:154,1
DA:159,1
DA:160,2
DA:161,2
DA:162,2
DA:163,1
DA:165,1
DA:167,2
DA:169,2
DA:170,2
DA:172,0
DA:175,2
DA:179,1
DA:181,1
DA:182,1
DA:183,1
DA:184,1
DA:185,0
DA:188,1
DA:192,1
DA:193,1
DA:194,1
DA:195,1
DA:197,1
DA:198,1
DA:199,0
DA:202,1
DA:208,1
DA:210,2
DA:211,1
DA:213,1
DA:215,2
DA:217,2
DA:218,2
DA:219,0
DA:221,2
DA:222,2
DA:224,2
DA:228,1
DA:230,1
DA:233,1
DA:235,2
DA:236,2
DA:238,2
DA:239,1
DA:241,1
DA:244,2
DA:245,2
DA:246,0
DA:248,2
DA:249,1
DA:252,2
DA:257,1
DA:259,1
DA:260,1
DA:262,1
DA:264,1
DA:265,1
DA:266,1
DA:267,1
DA:268,1
DA:269,1
DA:275,1
DA:277,2
DA:279,2
DA:280,1
DA:282,1
DA:285,2
DA:286,2
DA:288,0
DA:291,2
DA:292,2
DA:293,2
DA:294,1
DA:296,2
DA:297,2
DA:299,0
DA:301,2
DA:304,2
DA:311,1
DA:313,1
DA:316,1
DA:317,2
DA:318,2
DA:320,0
DA:323,2
DA:327,1
DA:328,1
DA:332,1
DA:333,3
DA:334,3
DA:337,1
DA:339,1
DA:340,1
DA:341,1
DA:343,1
DA:344,1
DA:348,1
DA:349,1
DA:350,1
DA:354,1
DA:355,1
DA:356,1
DA:357,1
DA:363,0
DA:366,0
DA:369,1
DA:372,1
DA:374,0
DA:378,1
LF:191
LH:177
BRDA:35,1,0,0
BRDA:35,1,1,3
BRDA:37,2,0,1
BRDA:37,2,1,2
BRDA:39,3,0,1
BRDA:39,3,1,1
BRDA:61,4,0,0
BRDA:61,4,1,3
BRDA:65,5,0,1
BRDA:65,5,1,2
BRDA:100,6,0,1
BRDA:100,6,1,8
BRDA:110,7,0,1
BRDA:110,7,1,1
BRDA:130,8,0,1
BRDA:130,8,1,0
BRDA:146,9,0,1
BRDA:146,9,1,0
BRDA:151,10,0,0
BRDA:151,10,1,1
BRDA:162,11,0,1
BRDA:162,11,1,1
BRDA:170,12,0,0
BRDA:170,12,1,2
BRDA:184,13,0,0
BRDA:184,13,1,1
BRDA:198,14,0,0
BRDA:198,14,1,1
BRDA:210,15,0,1
BRDA:210,15,1,1
BRDA:218,16,0,0
BRDA:218,16,1,2
BRDA:238,17,0,1
BRDA:238,17,1,1
BRDA:245,18,0,0
BRDA:245,18,1,2
BRDA:279,19,0,1
BRDA:279,19,1,1
BRDA:286,20,0,0
BRDA:286,20,1,2
BRDA:293,21,0,1
BRDA:293,21,1,1
BRDA:297,22,0,0
BRDA:297,22,1,2
BRDA:313,23,0,1
BRDA:313,23,1,0
BRDA:340,24,0,1
BRDA:340,24,1,0
BRDA:372,25,0,0
BRDA:372,25,1,1
BRF:50
BRH:35
end_of_record
TN:
SF:/home/emil/kurser/tdp013/tdp013_projekt/functions.js
FN:5,createUser
FN:9,(anonymous_2)
FN:21,findUsers
FN:23,(anonymous_4)
FN:39,mkdirSync
FNF:5
FNH:5
FNDA:2,createUser
FNDA:2,(anonymous_2)
FNDA:1,findUsers
FNDA:1,(anonymous_4)
FNDA:2,mkdirSync
DA:5,1
DA:7,2
DA:8,2
DA:9,2
DA:10,2
DA:11,0
DA:13,2
DA:15,0
DA:21,1
DA:22,1
DA:23,1
DA:24,1
DA:25,0
DA:27,1
DA:29,2
DA:30,2
DA:31,2
DA:32,2
DA:35,1
DA:39,1
DA:40,2
DA:41,2
DA:43,0
DA:47,1
DA:48,1
DA:49,1
LF:26
LH:22
BRDA:10,1,0,0
BRDA:10,1,1,2
BRDA:24,2,0,0
BRDA:24,2,1,1
BRDA:43,3,0,0
BRDA:43,3,1,0
BRF:6
BRH:2
end_of_record
TN:
SF:/home/emil/kurser/tdp013/tdp013_projekt/db.js
FNF:0
FNH:0
DA:1,1
LF:1
LH:1
BRF:0
BRH:0
end_of_record
TN:
SF:/home/emil/kurser/tdp013/tdp013_projekt/user.js
FNF:0
FNH:0
DA:1,1
DA:3,1
DA:15,1
LF:3
LH:3
BRF:0
BRH:0
end_of_record
TN:
SF:/home/emil/kurser/tdp013/tdp013_projekt/socket.js
FN:2,(anonymous_1)
FN:5,(anonymous_2)
FNF:2
FNH:2
FNDA:1,(anonymous_1)
FNDA:1,(anonymous_2)
DA:2,1
DA:5,1
DA:7,1
DA:12,1
LF:4
LH:4
BRF:0
BRH:0
end_of_record
